<?xml version="1.0" encoding="UTF-8"?>
<!-- Generated by org.testng.reporters.JUnitXMLReporter -->
<testsuite hostname="CDC2-L-7041P8G" ignored="4" name="Test" tests="3" failures="0" timestamp="24 Jul 2019 14:29:23 GMT" time="4.015" errors="0">
  <testcase name="getCustomers" time="3.557" classname="tests.rest.TC001_GetCustomers"/>
  <testcase name="getCustomers" time="0.218" classname="tests.rest.TC007_ValidateCustomers_AfterUpdate"/>
  <testcase name="getCustomers" time="0.186" classname="tests.rest.TC006_ValidateCustomers_AfterInsert"/>
  <testcase name="@BeforeSuite beforeSuite" time="0.0" classname="lib.rest.PreAndTest">
    <ignored/>
  </testcase> <!-- @BeforeSuite beforeSuite -->
  <testcase name="@BeforeSuite beforeSuite" time="0.0" classname="lib.rest.PreAndTest">
    <ignored/>
  </testcase> <!-- @BeforeSuite beforeSuite -->
  <testcase name="@AfterSuite afterSuite" time="0.0" classname="lib.rest.PreAndTest">
    <ignored/>
  </testcase> <!-- @AfterSuite afterSuite -->
  <testcase name="@AfterSuite afterSuite" time="0.0" classname="lib.rest.PreAndTest">
    <ignored/>
  </testcase> <!-- @AfterSuite afterSuite -->
</testsuite> <!-- Test -->
