<?xml version="1.0" encoding="UTF-8"?>
<!-- Generated by org.testng.reporters.JUnitXMLReporter -->
<testsuite hostname="CDC2-L-7041P8G" ignored="10" name="Test" tests="6" failures="0" timestamp="28 Jul 2019 13:50:10 GMT" time="10.748" errors="0">
  <testcase name="getCustomers" time="5.617" classname="tests.rest.TC001_GetCustomers"/>
  <testcase name="updateCustomersDetails" time="1.691" classname="tests.rest.TC009_UpdateCustomersDetails"/>
  <testcase name="insertCustomersDetails" time="0.162" classname="tests.rest.TC008_InsertCustomersDetails"/>
  <testcase name="insertCustomersDetails" time="0.188" classname="tests.rest.TC010_DeleteCustomersDetails"/>
  <testcase name="getCustomers" time="0.257" classname="tests.rest.TC007_ValidateCustomers_AfterUpdate"/>
  <testcase name="getCustomers" time="0.216" classname="tests.rest.TC006_ValidateCustomers_AfterInsert"/>
  <testcase name="@BeforeSuite beforeSuite" time="0.0" classname="lib.rest.PreAndTest">
    <ignored/>
  </testcase> <!-- @BeforeSuite beforeSuite -->
  <testcase name="@BeforeSuite beforeSuite" time="0.0" classname="lib.rest.PreAndTest">
    <ignored/>
  </testcase> <!-- @BeforeSuite beforeSuite -->
  <testcase name="@BeforeSuite beforeSuite" time="0.0" classname="lib.rest.PreAndTest">
    <ignored/>
  </testcase> <!-- @BeforeSuite beforeSuite -->
  <testcase name="@BeforeSuite beforeSuite" time="0.0" classname="lib.rest.PreAndTest">
    <ignored/>
  </testcase> <!-- @BeforeSuite beforeSuite -->
  <testcase name="@BeforeSuite beforeSuite" time="0.0" classname="lib.rest.PreAndTest">
    <ignored/>
  </testcase> <!-- @BeforeSuite beforeSuite -->
  <testcase name="@AfterSuite afterSuite" time="0.0" classname="lib.rest.PreAndTest">
    <ignored/>
  </testcase> <!-- @AfterSuite afterSuite -->
  <testcase name="@AfterSuite afterSuite" time="0.0" classname="lib.rest.PreAndTest">
    <ignored/>
  </testcase> <!-- @AfterSuite afterSuite -->
  <testcase name="@AfterSuite afterSuite" time="0.0" classname="lib.rest.PreAndTest">
    <ignored/>
  </testcase> <!-- @AfterSuite afterSuite -->
  <testcase name="@AfterSuite afterSuite" time="0.0" classname="lib.rest.PreAndTest">
    <ignored/>
  </testcase> <!-- @AfterSuite afterSuite -->
  <testcase name="@AfterSuite afterSuite" time="0.0" classname="lib.rest.PreAndTest">
    <ignored/>
  </testcase> <!-- @AfterSuite afterSuite -->
</testsuite> <!-- Test -->
